{"logTime": "0117/045230", "correlationVector":"1EFjRmpQ30gJDN3bCpwYnC.1","action":"SyncServerConnectionManagerRequest", "result":"SYNC_SERVER_OK", "context":{"environment":"Prod_SoutheastAsia_000j", "migrationStage":"NotStarted", "server":"GENERAL01000014"}}
{"logTime": "0117/045230", "correlationVector":"1EFjRmpQ30gJDN3bCpwYnC","action":"Initial GetUpdates", "result":"", "context":Reason: NEW_CLIENT. cV=1EFjRmpQ30gJDN3bCpwYnC}
{"logTime": "0117/045230", "correlationVector":"1EFjRmpQ30gJDN3bCpwYnC.2","action":"GetUpdates Response", "result":"SYNCER_OK", "context":Received 1 update(s). cV=1EFjRmpQ30gJDN3bCpwYnC.0;server=GENERAL01000014;cloudType=Consumer;environment=Prod_SoutheastAsia_000j;migrationStage=NotStarted}
{"logTime": "0117/045249", "correlationVector":"WE9AGeT1/qUnxppBKxMDuW","action":"SyncServerConnectionManagerRequest", "result":"SYNC_SERVER_OK", "context":{"environment":"", "migrationStage":"", "server":""}}
{"logTime": "0117/045249", "correlationVector":"3ZDe5QYCgnDgIQO3exJsHe","action":"Initial GetUpdates", "result":"", "context":Reason: NEW_CLIENT. cV=3ZDe5QYCgnDgIQO3exJsHe}
{"logTime": "0117/045249", "correlationVector":"3ZDe5QYCgnDgIQO3exJsHe.1","action":"SyncServerConnectionManagerRequest", "result":"SYNC_SERVER_OK", "context":{"environment":"Prod_SoutheastAsia_000j", "migrationStage":"NotStarted", "server":"GENERAL0300000Y"}}
{"logTime": "0117/045249", "correlationVector":"3ZDe5QYCgnDgIQO3exJsHe.2","action":"GetUpdates Response", "result":"SYNCER_OK", "context":Received 5 update(s). cV=3ZDe5QYCgnDgIQO3exJsHe.0;server=GENERAL0300000Y;cloudType=Consumer;environment=Prod_SoutheastAsia_000j;migrationStage=NotStarted}
{"logTime": "0117/045249", "correlationVector":"truhd6aIYxkAhpvY2pijQL","action":"Normal GetUpdate request", "result":"", "context":cV=truhd6aIYxkAhpvY2pijQL
Nudged types: Device Info, User Consents
Refresh requested types: Device Info, User Consents, Send Tab To Self, Encryption Keys}
{"logTime": "0117/045250", "correlationVector":"truhd6aIYxkAhpvY2pijQL.1","action":"SyncServerConnectionManagerRequest", "result":"SYNC_SERVER_OK", "context":{"environment":"Prod_SoutheastAsia_000j", "migrationStage":"NotStarted", "server":"GENERAL0300001Y"}}
{"logTime": "0117/045250", "correlationVector":"truhd6aIYxkAhpvY2pijQL.2","action":"GetUpdates Response", "result":"SYNCER_OK", "context":Received 0 update(s). cV=truhd6aIYxkAhpvY2pijQL.0;server=GENERAL0300001Y;cloudType=Consumer;environment=Prod_SoutheastAsia_000j;migrationStage=NotStarted}
{"logTime": "0117/045250", "correlationVector":"iNZvSjp8k6V6g1cATwwjS5","action":"Commit Request", "result":"", "context":Item count: 1
Contributing types: Device Info}
{"logTime": "0117/045250", "correlationVector":"iNZvSjp8k6V6g1cATwwjS5.1","action":"SyncServerConnectionManagerRequest", "result":"SYNC_SERVER_OK", "context":{"environment":"Prod_SoutheastAsia_000j", "migrationStage":"NotStarted", "server":"GENERAL01000017"}}
{"logTime": "0117/045250", "correlationVector":"iNZvSjp8k6V6g1cATwwjS5.2","action":"Commit Response", "result":"SYNCER_OK", "context":Result: SYNCER_OK. cV=iNZvSjp8k6V6g1cATwwjS5.0;server=GENERAL01000017;cloudType=Consumer;environment=Prod_SoutheastAsia_000j;migrationStage=NotStarted}
{"logTime": "0117/045250", "correlationVector":"7PbOweWyAPR53xg25kLMt7","action":"Commit Request", "result":"", "context":Item count: 1
Contributing types: User Consents}
{"logTime": "0117/045251", "correlationVector":"7PbOweWyAPR53xg25kLMt7.1","action":"SyncServerConnectionManagerRequest", "result":"SYNC_SERVER_OK", "context":{"environment":"Prod_SoutheastAsia_000j", "migrationStage":"NotStarted", "server":"GENERAL03000007"}}
{"logTime": "0117/045251", "correlationVector":"7PbOweWyAPR53xg25kLMt7.2","action":"Commit Response", "result":"SYNCER_OK", "context":Result: SYNCER_OK. cV=7PbOweWyAPR53xg25kLMt7.0;server=GENERAL03000007;cloudType=Consumer;environment=Prod_SoutheastAsia_000j;migrationStage=NotStarted}
{"logTime": "0117/045251", "correlationVector":"6VTgqnWqYFKYzemluX92x5","action":"Normal GetUpdate request", "result":"", "context":cV=6VTgqnWqYFKYzemluX92x5
Nudged types: Device Info}
{"logTime": "0117/045251", "correlationVector":"6VTgqnWqYFKYzemluX92x5.1","action":"SyncServerConnectionManagerRequest", "result":"SYNC_SERVER_OK", "context":{"environment":"Prod_SoutheastAsia_000j", "migrationStage":"NotStarted", "server":"GENERAL03000008"}}
{"logTime": "0117/045251", "correlationVector":"6VTgqnWqYFKYzemluX92x5.2","action":"GetUpdates Response", "result":"SYNCER_OK", "context":Received 1 update(s). cV=6VTgqnWqYFKYzemluX92x5.0;server=GENERAL03000008;cloudType=Consumer;environment=Prod_SoutheastAsia_000j;migrationStage=NotStarted}
{"logTime": "0117/045726", "correlationVector":"5Jvsn8yyE7mvdSq7K7TRRK","action":"Normal GetUpdate request", "result":"", "context":cV=5Jvsn8yyE7mvdSq7K7TRRK
Refresh requested types: Device Info, User Consents, Send Tab To Self, Encryption Keys}
{"logTime": "0117/045727", "correlationVector":"5Jvsn8yyE7mvdSq7K7TRRK.1","action":"SyncServerConnectionManagerRequest", "result":"SYNC_SERVER_OK", "context":{"environment":"Prod_SoutheastAsia_000j", "migrationStage":"NotStarted", "server":"GENERAL0100000B"}}
{"logTime": "0117/045727", "correlationVector":"5Jvsn8yyE7mvdSq7K7TRRK.2","action":"GetUpdates Response", "result":"SYNCER_OK", "context":Received 0 update(s). cV=5Jvsn8yyE7mvdSq7K7TRRK.0;server=GENERAL0100000B;cloudType=Consumer;environment=Prod_SoutheastAsia_000j;migrationStage=NotStarted}
{"logTime": "0117/063837", "correlationVector":"nIPlKEQyNf2ml0US2AsJxW.1","action":"SyncServerConnectionManagerRequest", "result":"SYNC_SERVER_OK", "context":{"environment":"Prod_SoutheastAsia_000j", "migrationStage":"NotStarted", "server":"GENERAL0100001B"}}
{"logTime": "0117/063837", "correlationVector":"nIPlKEQyNf2ml0US2AsJxW","action":"Initial GetUpdates", "result":"", "context":Reason: NEW_CLIENT. cV=nIPlKEQyNf2ml0US2AsJxW}
{"logTime": "0117/063837", "correlationVector":"nIPlKEQyNf2ml0US2AsJxW.2","action":"GetUpdates Response", "result":"SYNCER_OK", "context":Received 1 update(s). cV=nIPlKEQyNf2ml0US2AsJxW.0;server=GENERAL0100001B;cloudType=Consumer;environment=Prod_SoutheastAsia_000j;migrationStage=NotStarted}
{"logTime": "0117/063837", "correlationVector":"jsw2aG7WvFYar9obcxtL5m","action":"Normal GetUpdate request", "result":"", "context":cV=jsw2aG7WvFYar9obcxtL5m
Refresh requested types: Device Info, User Consents, Send Tab To Self, Encryption Keys}
{"logTime": "0117/063837", "correlationVector":"jsw2aG7WvFYar9obcxtL5m.1","action":"SyncServerConnectionManagerRequest", "result":"SYNC_SERVER_OK", "context":{"environment":"Prod_SoutheastAsia_000j", "migrationStage":"NotStarted", "server":"GENERAL0300000E"}}
{"logTime": "0117/063837", "correlationVector":"jsw2aG7WvFYar9obcxtL5m.2","action":"GetUpdates Response", "result":"SYNCER_OK", "context":Received 0 update(s). cV=jsw2aG7WvFYar9obcxtL5m.0;server=GENERAL0300000E;cloudType=Consumer;environment=Prod_SoutheastAsia_000j;migrationStage=NotStarted}
{"logTime": "0117/063837", "correlationVector":"tsr3SHpctdx3zqh2baH9gu","action":"SyncServerConnectionManagerRequest", "result":"SYNC_SERVER_OK", "context":{"environment":"", "migrationStage":"", "server":""}}
{"logTime": "0117/063837", "correlationVector":"tshsJg3QGV4evdDokRtJzx","action":"Initial GetUpdates", "result":"", "context":Reason: RECONFIGURATION. cV=tshsJg3QGV4evdDokRtJzx}
{"logTime": "0117/063838", "correlationVector":"tshsJg3QGV4evdDokRtJzx.1","action":"SyncServerConnectionManagerRequest", "result":"SYNC_SERVER_OK", "context":{"environment":"Prod_SoutheastAsia_000j", "migrationStage":"NotStarted", "server":"GENERAL0100001I"}}
{"logTime": "0117/063838", "correlationVector":"tshsJg3QGV4evdDokRtJzx.2","action":"GetUpdates", "result":"DeleteReceived", "context":{"id":"acc1e6c1-3b27-4c32-87b7-9884ab597da2", "isDeleted:":"true", "version":"1705071486060"}}
{"logTime": "0117/063838", "correlationVector":"tshsJg3QGV4evdDokRtJzx.3","action":"GetUpdates Response", "result":"SYNCER_OK", "context":Received 65 update(s). cV=tshsJg3QGV4evdDokRtJzx.0;server=GENERAL0100001I;cloudType=Consumer;environment=Prod_SoutheastAsia_000j;migrationStage=NotStarted}
{"logTime": "0117/063838", "correlationVector":"d0EuRgoh0oiH+4EyrM2Vev","action":"Initial GetUpdates", "result":"", "context":Reason: NEWLY_SUPPORTED_DATATYPE. cV=d0EuRgoh0oiH+4EyrM2Vev}
{"logTime": "0117/063838", "correlationVector":"d0EuRgoh0oiH+4EyrM2Vev.1","action":"SyncServerConnectionManagerRequest", "result":"SYNC_SERVER_OK", "context":{"environment":"Prod_SoutheastAsia_000j", "migrationStage":"NotStarted", "server":"GENERAL01000018"}}
{"logTime": "0117/063838", "correlationVector":"d0EuRgoh0oiH+4EyrM2Vev.2","action":"GetUpdates Response", "result":"SYNCER_OK", "context":Received 9 update(s). cV=d0EuRgoh0oiH+4EyrM2Vev.0;server=GENERAL01000018;cloudType=Consumer;environment=Prod_SoutheastAsia_000j;migrationStage=NotStarted}
{"logTime": "0117/063838", "correlationVector":"rx229FVDJRQ0/DRG1tTjrl","action":"Initial GetUpdates", "result":"", "context":Reason: NEWLY_SUPPORTED_DATATYPE. cV=rx229FVDJRQ0/DRG1tTjrl}
{"logTime": "0117/063838", "correlationVector":"rx229FVDJRQ0/DRG1tTjrl.1","action":"SyncServerConnectionManagerRequest", "result":"SYNC_SERVER_OK", "context":{"environment":"Prod_SoutheastAsia_000j", "migrationStage":"NotStarted", "server":"GENERAL0300000K"}}
{"logTime": "0117/063838", "correlationVector":"rx229FVDJRQ0/DRG1tTjrl.2","action":"GetUpdates", "result":"DeleteReceived", "context":{"id":"44382699-8c07-473c-a70b-0c1a9b8c6aca", "isDeleted:":"true", "version":"1697821557216"}}
{"logTime": "0117/063838", "correlationVector":"rx229FVDJRQ0/DRG1tTjrl.3","action":"GetUpdates", "result":"DeleteReceived", "context":{"id":"e8b54ea8-79e6-4de7-b68b-a98c6cbe6249", "isDeleted:":"true", "version":"1698652761843"}}
{"logTime": "0117/063838", "correlationVector":"rx229FVDJRQ0/DRG1tTjrl.4","action":"GetUpdates", "result":"DeleteReceived", "context":{"id":"09fc22d1-aa90-41c6-a80a-514509352862", "isDeleted:":"true", "version":"1698655254583"}}
{"logTime": "0117/063838", "correlationVector":"rx229FVDJRQ0/DRG1tTjrl.5","action":"GetUpdates", "result":"DeleteReceived", "context":{"id":"8b7a3688-f6b7-4efe-858e-41a935e1648b", "isDeleted:":"true", "version":"1698694096695"}}
{"logTime": "0117/063838", "correlationVector":"rx229FVDJRQ0/DRG1tTjrl.6","action":"GetUpdates", "result":"DeleteReceived", "context":{"id":"79297dc9-3026-4c74-b723-bb0eb167bca7", "isDeleted:":"true", "version":"1698694096696"}}
{"logTime": "0117/063838", "correlationVector":"rx229FVDJRQ0/DRG1tTjrl.7","action":"GetUpdates", "result":"DeleteReceived", "context":{"id":"64b7fd60-fae3-4eef-b2c6-6c7f0b821db3", "isDeleted:":"true", "version":"1698694096697"}}
{"logTime": "0117/063838", "correlationVector":"rx229FVDJRQ0/DRG1tTjrl.8","action":"GetUpdates", "result":"DeleteReceived", "context":{"id":"51818fe0-330f-4ab2-a567-b9087dc7f990", "isDeleted:":"true", "version":"1698694096698"}}
{"logTime": "0117/063838", "correlationVector":"rx229FVDJRQ0/DRG1tTjrl.9","action":"GetUpdates", "result":"DeleteReceived", "context":{"id":"870e8def-18f5-469a-b5b0-f7cba445e516", "isDeleted:":"true", "version":"1698694096699"}}
{"logTime": "0117/063838", "correlationVector":"rx229FVDJRQ0/DRG1tTjrl.10","action":"GetUpdates", "result":"DeleteReceived", "context":{"id":"6c77b9d9-1704-4665-88d4-f5cd3249c314", "isDeleted:":"true", "version":"1698694096700"}}
{"logTime": "0117/063838", "correlationVector":"rx229FVDJRQ0/DRG1tTjrl.11","action":"GetUpdates", "result":"DeleteReceived", "context":{"id":"c9de6424-f2ca-4c8b-89d3-957a75ee0738", "isDeleted:":"true", "version":"1698694096701"}}
{"logTime": "0117/063838", "correlationVector":"rx229FVDJRQ0/DRG1tTjrl.12","action":"GetUpdates", "result":"DeleteReceived", "context":{"id":"aa63c146-74cf-40c0-a885-04565d9e3009", "isDeleted:":"true", "version":"1698694096702"}}
{"logTime": "0117/063838", "correlationVector":"rx229FVDJRQ0/DRG1tTjrl.13","action":"GetUpdates", "result":"DeleteReceived", "context":{"id":"4a4dd967-8b82-45a1-a1c2-64d15f7d4706", "isDeleted:":"true", "version":"1699192509864"}}
{"logTime": "0117/063838", "correlationVector":"rx229FVDJRQ0/DRG1tTjrl.14","action":"GetUpdates", "result":"DeleteReceived", "context":{"id":"7a901477-26f1-404a-b629-23b5c79d4d19", "isDeleted:":"true", "version":"1701848662507"}}
{"logTime": "0117/063838", "correlationVector":"rx229FVDJRQ0/DRG1tTjrl.15","action":"GetUpdates", "result":"DeleteReceived", "context":{"id":"4026fc97-5134-4824-b293-ae97763c0fd6", "isDeleted:":"true", "version":"1702112308917"}}
{"logTime": "0117/063838", "correlationVector":"rx229FVDJRQ0/DRG1tTjrl.16","action":"GetUpdates", "result":"DeleteReceived", "context":{"id":"015ca3cf-00f7-4a8b-a538-700f6e6b7003", "isDeleted:":"true", "version":"1702112462224"}}
{"logTime": "0117/063838", "correlationVector":"rx229FVDJRQ0/DRG1tTjrl.17","action":"GetUpdates", "result":"DeleteReceived", "context":{"id":"a5f54c36-0a2d-4bc6-b8b7-c665775cd776", "isDeleted:":"true", "version":"1702975916511"}}
{"logTime": "0117/063838", "correlationVector":"rx229FVDJRQ0/DRG1tTjrl.18","action":"GetUpdates", "result":"DeleteReceived", "context":{"id":"4ffb4ac4-c06f-4431-8cc0-ebfe6cfde601", "isDeleted:":"true", "version":"1702977565298"}}
{"logTime": "0117/063838", "correlationVector":"rx229FVDJRQ0/DRG1tTjrl.19","action":"GetUpdates", "result":"DeleteReceived", "context":{"id":"87f71a87-db75-49fd-83fd-c9f65655ffdd", "isDeleted:":"true", "version":"1702978183126"}}
{"logTime": "0117/063838", "correlationVector":"rx229FVDJRQ0/DRG1tTjrl.20","action":"GetUpdates", "result":"DeleteReceived", "context":{"id":"ceeca13e-5de6-409b-b602-f0e48a6c802a", "isDeleted:":"true", "version":"1702982791415"}}
{"logTime": "0117/063838", "correlationVector":"rx229FVDJRQ0/DRG1tTjrl.21","action":"GetUpdates", "result":"DeleteReceived", "context":{"id":"da2f6574-5bcf-445c-b95e-4bcfe7763bc3", "isDeleted:":"true", "version":"1703004560347"}}
{"logTime": "0117/063838", "correlationVector":"rx229FVDJRQ0/DRG1tTjrl.22","action":"GetUpdates", "result":"DeleteReceived", "context":{"id":"734614c3-1e14-4792-a866-48272614a3e2", "isDeleted:":"true", "version":"1703006357645"}}
{"logTime": "0117/063838", "correlationVector":"rx229FVDJRQ0/DRG1tTjrl.23","action":"GetUpdates", "result":"DeleteReceived", "context":{"id":"bf695705-e400-40dc-9dd0-8f4d79e1ddfb", "isDeleted:":"true", "version":"1703009626531"}}
{"logTime": "0117/063838", "correlationVector":"rx229FVDJRQ0/DRG1tTjrl.24","action":"GetUpdates", "result":"DeleteReceived", "context":{"id":"f326b36e-baf1-4150-8be2-468f47fe28ca", "isDeleted:":"true", "version":"1703012676675"}}
{"logTime": "0117/063838", "correlationVector":"rx229FVDJRQ0/DRG1tTjrl.25","action":"GetUpdates", "result":"DeleteReceived", "context":{"id":"11140676-58a4-4fb1-917f-6f12cf7f41eb", "isDeleted:":"true", "version":"1703038495928"}}
{"logTime": "0117/063838", "correlationVector":"rx229FVDJRQ0/DRG1tTjrl.26","action":"GetUpdates", "result":"DeleteReceived", "context":{"id":"a87eed6a-f336-4e22-8175-8bfcde3ff394", "isDeleted:":"true", "version":"1703039353585"}}
{"logTime": "0117/063838", "correlationVector":"rx229FVDJRQ0/DRG1tTjrl.27","action":"GetUpdates", "result":"DeleteReceived", "context":{"id":"e0533ad4-e1b4-4524-bd75-cdaa598c2349", "isDeleted:":"true", "version":"1703052520111"}}
{"logTime": "0117/063838", "correlationVector":"rx229FVDJRQ0/DRG1tTjrl.28","action":"GetUpdates", "result":"DeleteReceived", "context":{"id":"9ea6b031-8bdc-468e-9f45-e522d25ab7ab", "isDeleted:":"true", "version":"1703052707487"}}
{"logTime": "0117/063838", "correlationVector":"rx229FVDJRQ0/DRG1tTjrl.29","action":"GetUpdates", "result":"DeleteReceived", "context":{"id":"bba84cb5-b2a5-4485-82ab-b0b8ce5db753", "isDeleted:":"true", "version":"1703053437415"}}
{"logTime": "0117/063838", "correlationVector":"rx229FVDJRQ0/DRG1tTjrl.30","action":"GetUpdates", "result":"DeleteReceived", "context":{"id":"d4fa5dd9-1ece-4a59-aa64-7d1e963502e3", "isDeleted:":"true", "version":"1703062018682"}}
{"logTime": "0117/063838", "correlationVector":"rx229FVDJRQ0/DRG1tTjrl.31","action":"GetUpdates", "result":"DeleteReceived", "context":{"id":"4ac02ed1-aab9-4f0a-9605-aec1face8bb2", "isDeleted:":"true", "version":"1703062522006"}}
{"logTime": "0117/063838", "correlationVector":"rx229FVDJRQ0/DRG1tTjrl.32","action":"GetUpdates", "result":"DeleteReceived", "context":{"id":"6b32cc35-1bc8-464f-b248-53cd4f84c244", "isDeleted:":"true", "version":"1703758741903"}}
{"logTime": "0117/063838", "correlationVector":"rx229FVDJRQ0/DRG1tTjrl.33","action":"GetUpdates", "result":"DeleteReceived", "context":{"id":"13c65171-fc5c-4e18-9a5f-6d0cc0952f58", "isDeleted:":"true", "version":"1703759814939"}}
{"logTime": "0117/063838", "correlationVector":"rx229FVDJRQ0/DRG1tTjrl.34","action":"GetUpdates", "result":"DeleteReceived", "context":{"id":"8504ffd3-138c-449e-a370-f62f0568a1c2", "isDeleted:":"true", "version":"1703920981972"}}
{"logTime": "0117/063838", "correlationVector":"rx229FVDJRQ0/DRG1tTjrl.35","action":"GetUpdates", "result":"DeleteReceived", "context":{"id":"c25e032b-554b-460f-9c3e-5d2ccdc2b3af", "isDeleted:":"true", "version":"1704275672687"}}
{"logTime": "0117/063838", "correlationVector":"rx229FVDJRQ0/DRG1tTjrl.36","action":"GetUpdates", "result":"DeleteReceived", "context":{"id":"df4dc786-b404-4e68-8aea-bed1114da5ce", "isDeleted:":"true", "version":"1704275672688"}}
{"logTime": "0117/063838", "correlationVector":"rx229FVDJRQ0/DRG1tTjrl.37","action":"GetUpdates", "result":"DeleteReceived", "context":{"id":"cc07422b-d3a7-42b9-8642-3a7a98fb56bd", "isDeleted:":"true", "version":"1704971235225"}}
{"logTime": "0117/063838", "correlationVector":"rx229FVDJRQ0/DRG1tTjrl.38","action":"GetUpdates", "result":"DeleteReceived", "context":{"id":"8287bca9-cb51-48cf-8a5d-216f3c2f3d31", "isDeleted:":"true", "version":"1704971235226"}}
{"logTime": "0117/063838", "correlationVector":"rx229FVDJRQ0/DRG1tTjrl.39","action":"GetUpdates", "result":"DeleteReceived", "context":{"id":"74136bdb-f85b-4ce1-9cec-6f7b0af76ad1", "isDeleted:":"true", "version":"1705071486062"}}
{"logTime": "0117/063838", "correlationVector":"rx229FVDJRQ0/DRG1tTjrl.40","action":"GetUpdates Response", "result":"SYNCER_OK", "context":Received 68 update(s). cV=rx229FVDJRQ0/DRG1tTjrl.0;server=GENERAL0300000K;cloudType=Consumer;environment=Prod_SoutheastAsia_000j;migrationStage=NotStarted}
{"logTime": "0117/063838", "correlationVector":"IFZNyTZhloWJVDPh/GFmkf","action":"Normal GetUpdate request", "result":"", "context":cV=IFZNyTZhloWJVDPh/GFmkf
Nudged types: Bookmarks, Sessions, Device Info
Refresh requested types: Bookmarks, Preferences, Passwords, Autofill Profiles, Autofill, Autofill Custom Data, Typed URLs, Extensions, Sessions, Extension settings, History Delete Directives, Device Info, User Consents, Send Tab To Self, Web Apps, Collection, Edge E Drop, Edge Hub App Usage, Edge Wallet, Encryption Keys}
{"logTime": "0117/063839", "correlationVector":"IFZNyTZhloWJVDPh/GFmkf.1","action":"SyncServerConnectionManagerRequest", "result":"SYNC_SERVER_OK", "context":{"environment":"Prod_SoutheastAsia_000j", "migrationStage":"NotStarted", "server":"GENERAL0100000I"}}
{"logTime": "0117/063839", "correlationVector":"IFZNyTZhloWJVDPh/GFmkf.2","action":"GetUpdates Response", "result":"SYNCER_OK", "context":Received 0 update(s). cV=IFZNyTZhloWJVDPh/GFmkf.0;server=GENERAL0100000I;cloudType=Consumer;environment=Prod_SoutheastAsia_000j;migrationStage=NotStarted}
{"logTime": "0117/063839", "correlationVector":"+7nMX+Y/ZSrceVbxYba7eC","action":"Commit Request", "result":"", "context":Item count: 1
Contributing types: Device Info}
{"logTime": "0117/063839", "correlationVector":"+7nMX+Y/ZSrceVbxYba7eC.1","action":"SyncServerConnectionManagerRequest", "result":"SYNC_SERVER_OK", "context":{"environment":"Prod_SoutheastAsia_000j", "migrationStage":"NotStarted", "server":"GENERAL01000012"}}
{"logTime": "0117/063839", "correlationVector":"+7nMX+Y/ZSrceVbxYba7eC.2","action":"Commit Response", "result":"SYNCER_OK", "context":Result: SYNCER_OK. cV=+7nMX+Y/ZSrceVbxYba7eC.0;server=GENERAL01000012;cloudType=Consumer;environment=Prod_SoutheastAsia_000j;migrationStage=NotStarted}
{"logTime": "0117/063839", "correlationVector":"WEQ6ox6xTRYg1pyHcGdA25","action":"Commit Request", "result":"", "context":Item count: 6
Contributing types: Bookmarks, Sessions}
{"logTime": "0117/063840", "correlationVector":"WEQ6ox6xTRYg1pyHcGdA25.1","action":"SyncServerConnectionManagerRequest", "result":"SYNC_SERVER_OK", "context":{"environment":"Prod_SoutheastAsia_000j", "migrationStage":"NotStarted", "server":"GENERAL03000007"}}
{"logTime": "0117/063840", "correlationVector":"WEQ6ox6xTRYg1pyHcGdA25.2","action":"Commit Response", "result":"SYNCER_OK", "context":Result: SYNCER_OK. cV=WEQ6ox6xTRYg1pyHcGdA25.0;server=GENERAL03000007;cloudType=Consumer;environment=Prod_SoutheastAsia_000j;migrationStage=NotStarted}
{"logTime": "0117/063923", "correlationVector":"c8NOyPW9Xe2kddKESOaYfV","action":"Commit Request", "result":"", "context":Item count: 1
Contributing types: Sessions}
{"logTime": "0117/063923", "correlationVector":"c8NOyPW9Xe2kddKESOaYfV.1","action":"SyncServerConnectionManagerRequest", "result":"SYNC_SERVER_OK", "context":{"environment":"Prod_SoutheastAsia_000j", "migrationStage":"NotStarted", "server":"GENERAL0100001B"}}
{"logTime": "0117/063923", "correlationVector":"c8NOyPW9Xe2kddKESOaYfV.2","action":"Commit Response", "result":"SYNCER_OK", "context":Result: SYNCER_OK. cV=c8NOyPW9Xe2kddKESOaYfV.0;server=GENERAL0100001B;cloudType=Consumer;environment=Prod_SoutheastAsia_000j;migrationStage=NotStarted}
{"logTime": "0117/064328", "correlationVector":"01fRWPVlEtRcm6zpR5IIfk","action":"Normal GetUpdate request", "result":"", "context":cV=01fRWPVlEtRcm6zpR5IIfk
Refresh requested types: Bookmarks, Preferences, Passwords, Autofill Profiles, Autofill, Autofill Custom Data, Typed URLs, Extensions, Sessions, Extension settings, History Delete Directives, Device Info, User Consents, Send Tab To Self, Web Apps, Collection, Edge E Drop, Edge Hub App Usage, Edge Wallet, Encryption Keys}
{"logTime": "0117/064328", "correlationVector":"01fRWPVlEtRcm6zpR5IIfk.1","action":"SyncServerConnectionManagerRequest", "result":"SYNC_SERVER_OK", "context":{"environment":"Prod_SoutheastAsia_000j", "migrationStage":"NotStarted", "server":"GENERAL0300000U"}}
{"logTime": "0117/064328", "correlationVector":"01fRWPVlEtRcm6zpR5IIfk.2","action":"GetUpdates Response", "result":"SYNCER_OK", "context":Received 7 update(s). cV=01fRWPVlEtRcm6zpR5IIfk.0;server=GENERAL0300000U;cloudType=Consumer;environment=Prod_SoutheastAsia_000j;migrationStage=NotStarted}
{"logTime": "0117/065938", "correlationVector":"6k+qN30+UumFNdX08cSmok.1","action":"SyncServerConnectionManagerRequest", "result":"SYNC_SERVER_OK", "context":{"environment":"Prod_SoutheastAsia_000j", "migrationStage":"NotStarted", "server":"GENERAL0100001J"}}
{"logTime": "0117/065938", "correlationVector":"6k+qN30+UumFNdX08cSmok","action":"Initial GetUpdates", "result":"", "context":Reason: NEW_CLIENT. cV=6k+qN30+UumFNdX08cSmok}
{"logTime": "0117/065938", "correlationVector":"6k+qN30+UumFNdX08cSmok.2","action":"GetUpdates Response", "result":"SYNCER_OK", "context":Received 1 update(s). cV=6k+qN30+UumFNdX08cSmok.0;server=GENERAL0100001J;cloudType=Consumer;environment=Prod_SoutheastAsia_000j;migrationStage=NotStarted}
{"logTime": "0117/065938", "correlationVector":"i9G9LkKcQImutZg77YqBEV","action":"Initial GetUpdates", "result":"", "context":Reason: NEWLY_SUPPORTED_DATATYPE. cV=i9G9LkKcQImutZg77YqBEV}
{"logTime": "0117/065938", "correlationVector":"i9G9LkKcQImutZg77YqBEV.1","action":"SyncServerConnectionManagerRequest", "result":"SYNC_SERVER_OK", "context":{"environment":"Prod_SoutheastAsia_000j", "migrationStage":"NotStarted", "server":"GENERAL0300000U"}}
{"logTime": "0117/065938", "correlationVector":"i9G9LkKcQImutZg77YqBEV.2","action":"GetUpdates Response", "result":"SYNCER_OK", "context":Received 18 update(s). cV=i9G9LkKcQImutZg77YqBEV.0;server=GENERAL0300000U;cloudType=Consumer;environment=Prod_SoutheastAsia_000j;migrationStage=NotStarted}
{"logTime": "0117/065938", "correlationVector":"redybjgx3WIfxq1EbfTrA0","action":"SyncServerConnectionManagerRequest", "result":"SYNC_SERVER_OK", "context":{"environment":"", "migrationStage":"", "server":""}}
{"logTime": "0117/065938", "correlationVector":"lYrS5F2cmh+lO910E6z+Ld","action":"Normal GetUpdate request", "result":"", "context":cV=lYrS5F2cmh+lO910E6z+Ld
Nudged types: Sessions
Refresh requested types: Bookmarks, Preferences, Passwords, Autofill Profiles, Autofill, Autofill Custom Data, Typed URLs, Extensions, Sessions, Extension settings, History Delete Directives, Device Info, User Consents, Send Tab To Self, Web Apps, Collection, Edge E Drop, Edge Hub App Usage, Edge Wallet, Encryption Keys}
{"logTime": "0117/065938", "correlationVector":"lYrS5F2cmh+lO910E6z+Ld.1","action":"SyncServerConnectionManagerRequest", "result":"SYNC_SERVER_OK", "context":{"environment":"Prod_SoutheastAsia_000j", "migrationStage":"NotStarted", "server":"GENERAL0100000Q"}}
{"logTime": "0117/065938", "correlationVector":"lYrS5F2cmh+lO910E6z+Ld.2","action":"GetUpdates Response", "result":"SYNCER_OK", "context":Received 0 update(s). cV=lYrS5F2cmh+lO910E6z+Ld.0;server=GENERAL0100000Q;cloudType=Consumer;environment=Prod_SoutheastAsia_000j;migrationStage=NotStarted}
{"logTime": "0117/065938", "correlationVector":"3iL3nD3XfUOtXvQK4Y2cuf","action":"Commit Request", "result":"", "context":Item count: 3
Contributing types: Sessions}
{"logTime": "0117/065938", "correlationVector":"3iL3nD3XfUOtXvQK4Y2cuf.1","action":"SyncServerConnectionManagerRequest", "result":"SYNC_SERVER_OK", "context":{"environment":"Prod_SoutheastAsia_000j", "migrationStage":"NotStarted", "server":"GENERAL0100000D"}}
{"logTime": "0117/065938", "correlationVector":"3iL3nD3XfUOtXvQK4Y2cuf.2","action":"Commit Response", "result":"SYNCER_OK", "context":Result: SYNCER_OK. cV=3iL3nD3XfUOtXvQK4Y2cuf.0;server=GENERAL0100000D;cloudType=Consumer;environment=Prod_SoutheastAsia_000j;migrationStage=NotStarted}
{"logTime": "0117/065938", "correlationVector":"3iL3nD3XfUOtXvQK4Y2cuf.3","action":"Commit.Sessions", "result":"Success", "context":{"id":"3f85ce26-2331-4e3b-9b48-cca268cfded1", "isDeleted":"true", "size":"0", "version":"1705473563265"}}
{"logTime": "0117/065938", "correlationVector":"ZaAH5GQ5jDBaSkMwcJXIIF","action":"Normal GetUpdate request", "result":"", "context":cV=ZaAH5GQ5jDBaSkMwcJXIIF
Nudged types: Sessions
Refresh requested types: Bookmarks, Preferences, Passwords, Autofill Profiles, Autofill, Autofill Custom Data, Typed URLs, Extensions, Sessions, Extension settings, History Delete Directives, Device Info, User Consents, Send Tab To Self, Web Apps, Collection, Edge E Drop, Edge Hub App Usage, Edge Wallet, Encryption Keys}
{"logTime": "0117/065938", "correlationVector":"ZaAH5GQ5jDBaSkMwcJXIIF.1","action":"SyncServerConnectionManagerRequest", "result":"SYNC_SERVER_OK", "context":{"environment":"Prod_SoutheastAsia_000j", "migrationStage":"NotStarted", "server":"GENERAL0300001P"}}
{"logTime": "0117/065938", "correlationVector":"ZaAH5GQ5jDBaSkMwcJXIIF.2","action":"GetUpdates", "result":"DeleteReceived", "context":{"id":"3f85ce26-2331-4e3b-9b48-cca268cfded1", "isDeleted:":"true", "version":"1705474774167"}}
{"logTime": "0117/065938", "correlationVector":"ZaAH5GQ5jDBaSkMwcJXIIF.3","action":"GetUpdates Response", "result":"SYNCER_OK", "context":Received 3 update(s). cV=ZaAH5GQ5jDBaSkMwcJXIIF.0;server=GENERAL0300001P;cloudType=Consumer;environment=Prod_SoutheastAsia_000j;migrationStage=NotStarted}
{"logTime": "0117/065940", "correlationVector":"mLzby6Ts7uEo3SlSHCLxQa","action":"Commit Request", "result":"", "context":Item count: 1
Contributing types: Preferences}
{"logTime": "0117/065942", "correlationVector":"mLzby6Ts7uEo3SlSHCLxQa.1","action":"SyncServerConnectionManagerRequest", "result":"SYNC_SERVER_OK", "context":{"environment":"Prod_SoutheastAsia_000j", "migrationStage":"NotStarted", "server":"GENERAL0300000P"}}
{"logTime": "0117/065942", "correlationVector":"mLzby6Ts7uEo3SlSHCLxQa.2","action":"Commit Response", "result":"SYNCER_OK", "context":Result: SYNCER_OK. cV=mLzby6Ts7uEo3SlSHCLxQa.0;server=GENERAL0300000P;cloudType=Consumer;environment=Prod_SoutheastAsia_000j;migrationStage=NotStarted}
